1	15:04:33	Realtime started	
1	15:05:42	Recalibration recommended	Cameras 9, 17, 19 and 21 have residuals (4.3, 3.4, 3.4 and 4.8) exceeding the warning level. Camera 21 has very few contributions to the 3D reconstruction.
1	15:05:42	Rigid body identification results	Rigid body identification results:  2 successful  3 failed
1	15:05:42	Not all gaps were filled	The gap was not filled. The gap was longer than 10 frames (max gap length).  Adjust maximum gap length in trajectories settings in project options or in reprocessing trajectories settings.
1	15:05:42	Rigid bodies did not always match definition	When 6D data is calculated from the positions of markers, at least three of the points of a body must be present in a data frame to let QTM calculate the 6D position of the rigid body.  Even if three or more points are present in a frame, sometimes the 6D position is not calculated anyway, because the distances between points do not match the rigid body definition well enough.  This happened now: Body "TrackingDummy": in 4 of the 117 frames where at least three points were present Body "VPCamera01": in 50 of the 1240 frames where at least three points were present  To avoid this, either increase the "Bone length tolerance" parameter, improve the rigidity of the body or correct the definition of the body.
1	15:05:42	Skeleton processing took 0.12 s	Karim finished solving after 0.09 s L finished solving after 0.09 s Template finished solving after 0.09 s 
1	15:05:42	0 unidentified trajectory parts were identified. 	
1	15:05:42	Skeleton assisted labeling took 0.01 s	
1	15:05:42	File created	
1	15:06:18	File saved as C:\Users\VR Group.TRACKING-PC\Documents\Kim\Data\test recording.qtm	
1	15:06:20	File closed	
1	15:06:21	Realtime started	
1	15:08:58	Recalibration recommended	Camera 16 has residuals (3.6) exceeding the warning level.
1	15:08:58	Not all gaps were filled	52 gaps out of 54 were filled. The other 2 gaps were longer than 10 frames (max gap length).  Adjust maximum gap length in trajectories settings in project options or in reprocessing trajectories settings.
1	15:08:58	No 6D bodies are enabled	
1	15:08:58	Not all gaps were filled	No gaps were filled. The gaps were all longer than 10 frames (max gap length).  Adjust maximum gap length in trajectories settings in project options or in reprocessing trajectories settings.
1	15:08:58	Skeleton processing took 0.10 s	L finished solving after 0.08 s Karim finished solving after 0.08 s Template finished solving after 0.08 s 
1	15:08:58	0 unidentified trajectory parts were identified. 	
1	15:08:58	Skeleton assisted labeling took 0.01 s	
1	15:08:58	File created	
1	15:09:54	Rigid bodies did not always match definition	When 6D data is calculated from the positions of markers, at least three of the points of a body must be present in a data frame to let QTM calculate the 6D position of the rigid body.  Even if three or more points are present in a frame, sometimes the 6D position is not calculated anyway, because the distances between points do not match the rigid body definition well enough.  This happened now: Body "LeftHand": in 202 of the 999 frames where at least three points were present  To avoid this, either increase the "Bone length tolerance" parameter, improve the rigidity of the body or correct the definition of the body.
1	15:09:54	Rigid body: LeftHand added.	The new body definition was added both to the file and to the Project Options.
1	15:10:33	File saved as C:\Users\VR Group.TRACKING-PC\Documents\Kim\Data\defineLeftHandrecording.qtm	
1	15:10:35	File closed	
1	15:10:36	Realtime started	
1	15:11:21	Recalibration recommended	Cameras 16 and 17 have residuals (3.0 and 3.0) exceeding the warning level. Camera 17 has very few contributions to the 3D reconstruction.
1	15:11:21	Rigid body identification results	Rigid body identification results:  2 successful  0 failed
1	15:11:21	Not all gaps were filled	No gaps were filled. The gaps were all longer than 10 frames (max gap length).  Adjust maximum gap length in trajectories settings in project options or in reprocessing trajectories settings.
1	15:11:21	Rigid bodies did not always match definition	When 6D data is calculated from the positions of markers, at least three of the points of a body must be present in a data frame to let QTM calculate the 6D position of the rigid body.  Even if three or more points are present in a frame, sometimes the 6D position is not calculated anyway, because the distances between points do not match the rigid body definition well enough.  This happened now: Body "LeftHand": in 260 of the 4442 frames where at least three points were present  To avoid this, either increase the "Bone length tolerance" parameter, improve the rigidity of the body or correct the definition of the body.
1	15:11:21	Skeleton processing took 0.12 s	L finished solving after 0.10 s Template finished solving after 0.10 s Karim finished solving after 0.10 s 
1	15:11:21	0 unidentified trajectory parts were identified. 	
1	15:11:21	Skeleton assisted labeling took 0.01 s	
1	15:11:21	File created	
1	15:11:44	File saved as C:\Users\VR Group.TRACKING-PC\Documents\Kim\Data\Recording1-LeftHand.qtm	
1	15:12:26	File closed	
