1	15:19:59	Realtime started	
1	15:22:54	Rigid body: RightHand added.	The new body definition was added to the Project Options.
1	15:23:53	Rigid body: RightHand added.	The new body definition was added to the Project Options.
1	15:44:58	Recalibration recommended	Cameras 16, 17 and 19 have residuals (3.3, 3.7 and 3.3) exceeding the warning level. Camera 19 has very few contributions to the 3D reconstruction.
1	15:44:58	Rigid body identification results	Rigid body identification results:  6 successful  1 failed
1	15:44:58	Rigid bodies did not always match definition	When 6D data is calculated from the positions of markers, at least three of the points of a body must be present in a data frame to let QTM calculate the 6D position of the rigid body.  Even if three or more points are present in a frame, sometimes the 6D position is not calculated anyway, because the distances between points do not match the rigid body definition well enough.  This happened now: Body "TrackingDummy": in 78 of the 1800 frames where at least three points were present  To avoid this, either increase the "Bone length tolerance" parameter, improve the rigidity of the body or correct the definition of the body.
1	15:44:59	Skeleton processing took 0.10 s	L finished solving after 0.09 s Template finished solving after 0.09 s Karim finished solving after 0.09 s 
1	15:44:59	0 unidentified trajectory parts were identified. 	
1	15:44:59	Skeleton assisted labeling took 0.01 s	
1	15:44:59	File created	
1	15:46:28	File saved as C:\Users\VR Group.TRACKING-PC\Documents\Kim\Data\fullbodymotion.qtm	
1	15:46:31	File closed	
1	15:46:31	Realtime started	
1	15:47:09	Recalibration recommended	Cameras 17 and 19 have residuals (3.3 and 3.4) exceeding the warning level.
1	15:47:09	Rigid body identification results	Rigid body identification results:  6 successful  1 failed
1	15:47:09	Not all gaps were filled	One gap out of 3 was filled. The other 2 gaps were longer than 10 frames (max gap length).  Adjust maximum gap length in trajectories settings in project options or in reprocessing trajectories settings.
1	15:47:09	Rigid bodies did not always match definition	When 6D data is calculated from the positions of markers, at least three of the points of a body must be present in a data frame to let QTM calculate the 6D position of the rigid body.  Even if three or more points are present in a frame, sometimes the 6D position is not calculated anyway, because the distances between points do not match the rigid body definition well enough.  This happened now: Body "TrackingDummy": in 2 of the 1800 frames where at least three points were present Body "RightHand": in 10 of the 1800 frames where at least three points were present  To avoid this, either increase the "Bone length tolerance" parameter, improve the rigidity of the body or correct the definition of the body.
1	15:47:10	Skeleton processing took 0.10 s	Karim finished solving after 0.08 s Template finished solving after 0.08 s L finished solving after 0.08 s 
1	15:47:10	0 unidentified trajectory parts were identified. 	
1	15:47:10	Skeleton assisted labeling took 0.01 s	
1	15:47:10	File created	
1	15:47:20	File saved as C:\Users\VR Group.TRACKING-PC\Documents\Kim\Data\handmotion.qtm	
1	15:48:57	File closed	
